Arguments: 
  /Users/phuctran/.nvm/versions/node/v8.11.3/bin/node /Users/phuctran/.nvm/versions/node/v8.11.3/bin/yarn add -D connect

PATH: 
  //Users/phuctran/Practice/Maven/wildfly-10.1.0.Final/bin://Users/phuctran/Practice/Maven/apache-maven-3.5.0/bin://Users/phuctran/google-cloud-sdk/bin:/Users/phuctran/.nvm/versions/node/v8.11.3/bin://Users/phuctran/.npm-packages/bin:/usr/local/lib/node_modules:/opt/local/bin:/opt/local/sbin:/usr/local/bin:/usr/bin:/bin:/usr/sbin:/sbin:/usr/local/mongodb/bin

Yarn version: 
  1.7.0

Node version: 
  8.11.3

Platform: 
  darwin x64

Trace: 
  SyntaxError: /Practice/unitycloud/package.json: Unexpected token } in JSON at position 373
      at JSON.parse (<anonymous>)
      at /Users/phuctran/.nvm/versions/node/v8.11.3/lib/node_modules/yarn/lib/cli.js:1130:59
      at Generator.next (<anonymous>)
      at step (/Users/phuctran/.nvm/versions/node/v8.11.3/lib/node_modules/yarn/lib/cli.js:98:30)
      at /Users/phuctran/.nvm/versions/node/v8.11.3/lib/node_modules/yarn/lib/cli.js:109:13
      at <anonymous>

npm manifest: 
  {
    "name": "bucky_tuts",
    "version": "1.0.0",
    "description": "",
    "main": "app.js",
    "scripts": {
      "test": "echo \"Error: no test specified\" && exit 1"
    },
    "keywords": [],
    "author": "",
    "license": "ISC"
  }

yarn manifest: 
  No manifest

Lockfile: 
  No lockfile
